<?xml version="1.0" encoding="UTF-8"?>
<testsuite name="HelloApplicationTest" tests="1" skipped="0" failures="0" errors="0" timestamp="2020-10-10T06:55:42" hostname="gimsangmin-ui-MacBookPro.local" time="1.102">
  <properties/>
  <testcase name="pump works" classname="HelloApplicationTest" time="1.102"/>
  <system-out><![CDATA[[INFO] [Koin] loaded 4 definitions - 1.035133 ms
[DEBUG] [Koin] - [Factory:'CoffeeShop']
[INFO] [Koin] create context - 3.833406 ms
[DEBUG] [Koin] instances started in 0.216292 ms
DEBUG: heater in pump 916119763
Cannot pump with cold heater...
DEBUG: heater in pump 916119763
Pump with Hot Heater!
[INFO] [Koin] closing scope:'-Root-'
]]></system-out>
  <system-err><![CDATA[]]></system-err>
</testsuite>
